<?xml version="1.0" encoding="UTF-8"?>
<robot generator="Robot 3.2.2 (Python 3.9.1 on win32)" generated="20210114 13:54:28.074" rpa="false">
<suite id="s1" name="TC1" source="C:\Users\Abdur Rahman\Desktop\pytest\TC1.robot">
<test id="s1-t1" name="LoginTest">
<kw name="Open Browser" library="SeleniumLibrary">
<doc>Opens a new browser instance to the optional ``url``.</doc>
<arguments>
<arg>https://bing.com/</arg>
<arg>chrome</arg>
</arguments>
<msg timestamp="20210114 13:54:28.389" level="INFO">Opening browser 'chrome' to base url 'https://bing.com/'.</msg>
<status status="PASS" starttime="20210114 13:54:28.389" endtime="20210114 13:55:36.874"></status>
</kw>
<kw name="Close Browser" library="SeleniumLibrary">
<doc>Closes the current browser.</doc>
<status status="PASS" starttime="20210114 13:55:36.875" endtime="20210114 13:55:38.987"></status>
</kw>
<status status="PASS" starttime="20210114 13:54:28.389" endtime="20210114 13:55:38.988" critical="yes"></status>
</test>
<status status="PASS" starttime="20210114 13:54:28.076" endtime="20210114 13:55:38.990"></status>
</suite>
<statistics>
<total>
<stat pass="1" fail="0">Critical Tests</stat>
<stat pass="1" fail="0">All Tests</stat>
</total>
<tag>
</tag>
<suite>
<stat pass="1" fail="0" id="s1" name="TC1">TC1</stat>
</suite>
</statistics>
<errors>
</errors>
</robot>
